TN:
SF:sum.js
FN:1,sum
FNF:1
FNH:1
FNDA:1,sum
DA:2,1
DA:5,1
LF:2
LH:2
BRF:0
BRH:0
end_of_record
TN:
SF:testing-practice.js
FN:1,(anonymous_0)
FN:6,(anonymous_1)
FN:11,(anonymous_2)
FN:13,(anonymous_3)
FN:16,(anonymous_4)
FN:19,(anonymous_5)
FN:22,(anonymous_6)
FN:29,(anonymous_7)
FN:44,(anonymous_8)
FN:46,(anonymous_9)
FNF:10
FNH:10
FNDA:1,(anonymous_0)
FNDA:1,(anonymous_1)
FNDA:4,(anonymous_2)
FNDA:1,(anonymous_3)
FNDA:1,(anonymous_4)
FNDA:1,(anonymous_5)
FNDA:1,(anonymous_6)
FNDA:3,(anonymous_7)
FNDA:4,(anonymous_8)
FNDA:20,(anonymous_9)
DA:1,1
DA:2,1
DA:3,1
DA:6,1
DA:7,1
DA:8,1
DA:11,1
DA:12,4
DA:14,1
DA:17,1
DA:20,1
DA:23,1
DA:26,4
DA:29,1
DA:30,3
DA:31,3
DA:32,16
DA:33,16
DA:34,6
DA:35,10
DA:36,9
DA:38,1
DA:41,3
DA:44,1
DA:45,4
DA:46,20
DA:51,4
DA:54,1
LF:28
LH:28
BRDA:33,0,0,6
BRDA:33,0,1,10
BRDA:33,1,0,16
BRDA:33,1,1,15
BRDA:35,2,0,9
BRDA:35,2,1,1
BRDA:35,3,0,10
BRDA:35,3,1,9
BRF:8
BRH:8
end_of_record
